<?xml version="1.0" encoding="UTF-8"?>
<testsuite xmlns:xsi="http://www.w3.org/2001/XMLSchema-instance" xsi:noNamespaceSchemaLocation="https://maven.apache.org/surefire/maven-surefire-plugin/xsd/surefire-test-report-3.0.xsd" version="3.0" name="TestSuite" time="1.503" tests="4" errors="0" skipped="0" failures="4">
  <properties>
[...]
</properties>
  <testcase name="colours" classname="pageobjects.color" time="0.006">
    <failure message="Cannot invoke &quot;String.equals(Object)&quot; because &quot;browsername&quot; is null" type="java.lang.NullPointerException"><![CDATA[java.lang.NullPointerException: Cannot invoke "String.equals(Object)" because "browsername" is null
	at pageobjects.color.colours(color.java:20)
]]></failure>
  </testcase>
  <testcase name="basePageNavigation[shivani.duggi@qualitestgroup.com, P@ssw0rd](1)" classname="TestPackage.QTTestCase" time="0">
    <failure message="Cannot invoke &quot;String.equals(Object)&quot; because &quot;browsername&quot; is null" type="java.lang.NullPointerException"><![CDATA[java.lang.NullPointerException: Cannot invoke "String.equals(Object)" because "browsername" is null
	at TestPackage.QTTestCase.basePageNavigation(QTTestCase.java:18)
]]></failure>
  </testcase>
  <testcase name="basePageNavigation[shivaniduggikjbc@gmail.com, P@ssw0rd](2)" classname="TestPackage.QTTestCase" time="0.001">
    <failure message="Cannot invoke &quot;String.equals(Object)&quot; because &quot;browsername&quot; is null" type="java.lang.NullPointerException"><![CDATA[java.lang.NullPointerException: Cannot invoke "String.equals(Object)" because "browsername" is null
	at TestPackage.QTTestCase.basePageNavigation(QTTestCase.java:18)
]]></failure>
  </testcase>
  <testcase name="basePageNavigation[shivaniduggikjbc@gmail.com, P@ssw0ihejlouerd](3)" classname="TestPackage.QTTestCase" time="0">
    <failure message="Cannot invoke &quot;String.equals(Object)&quot; because &quot;browsername&quot; is null" type="java.lang.NullPointerException"><![CDATA[java.lang.NullPointerException: Cannot invoke "String.equals(Object)" because "browsername" is null
	at TestPackage.QTTestCase.basePageNavigation(QTTestCase.java:18)
]]></failure>
  </testcase>
</testsuite>