<?xml version="1.0" encoding="UTF-8"?>
<testng-results ignored="0" total="2" passed="2" failed="0" skipped="0">
  <reporter-output>
  </reporter-output>
  <suite started-at="2021-03-26T17:58:36 IST" name="Default suite" finished-at="2021-03-26T17:58:54 IST" duration-ms="18873">
    <groups>
    </groups>
    <test started-at="2021-03-26T17:58:36 IST" name="Default test" finished-at="2021-03-26T17:58:54 IST" duration-ms="18873">
      <class name="TestPackage.QTTestCase">
        <test-method is-config="true" signature="bsuite()[pri:0, instance:TestPackage.QTTestCase@2177849e]" started-at="2021-03-26T17:58:35 IST" name="bsuite" finished-at="2021-03-26T17:58:36 IST" duration-ms="750" status="PASS">
          <reporter-output>
          </reporter-output>
        </test-method> <!-- bsuite -->
        <test-method signature="basePageNavigation(java.lang.String, java.lang.String)[pri:0, instance:TestPackage.QTTestCase@2177849e]" started-at="2021-03-26T17:58:36 IST" name="basePageNavigation" data-provider="getData" finished-at="2021-03-26T17:58:47 IST" duration-ms="11270" status="PASS">
          <params>
            <param index="0">
              <value>
                <![CDATA[shivani.duggi@qualitestgroup.com]]>
              </value>
            </param>
            <param index="1">
              <value>
                <![CDATA[P@ssw0rd]]>
              </value>
            </param>
          </params>
          <reporter-output>
          </reporter-output>
        </test-method> <!-- basePageNavigation -->
        <test-method signature="basePageNavigation(java.lang.String, java.lang.String)[pri:0, instance:TestPackage.QTTestCase@2177849e]" started-at="2021-03-26T17:58:47 IST" name="basePageNavigation" data-provider="getData" finished-at="2021-03-26T17:58:54 IST" duration-ms="7562" status="PASS">
          <params>
            <param index="0">
              <value>
                <![CDATA[shivaniduggi@gmail.com]]>
              </value>
            </param>
            <param index="1">
              <value>
                <![CDATA[P@ssw0rd]]>
              </value>
            </param>
          </params>
          <reporter-output>
          </reporter-output>
        </test-method> <!-- basePageNavigation -->
      </class> <!-- TestPackage.QTTestCase -->
    </test> <!-- Default test -->
  </suite> <!-- Default suite -->
</testng-results>
